C:\USERS\STEPH\PROJECTS\COMP345\ASSIGNMENT1_NOGUI\CRITTERGROUPGENERATOR\CRITTERGROUPGENERATOR\DEBUG\CRITTER.OBJ
C:\USERS\STEPH\PROJECTS\COMP345\ASSIGNMENT1_NOGUI\CRITTERGROUPGENERATOR\CRITTERGROUPGENERATOR\DEBUG\CRITTERFACTORY.OBJ
C:\USERS\STEPH\PROJECTS\COMP345\ASSIGNMENT1_NOGUI\CRITTERGROUPGENERATOR\CRITTERGROUPGENERATOR\DEBUG\CAT.OBJ
C:\USERS\STEPH\PROJECTS\COMP345\ASSIGNMENT1_NOGUI\CRITTERGROUPGENERATOR\CRITTERGROUPGENERATOR\DEBUG\DRIVER.OBJ
C:\USERS\STEPH\PROJECTS\COMP345\ASSIGNMENT1_NOGUI\CRITTERGROUPGENERATOR\CRITTERGROUPGENERATOR\DEBUG\CRITTERWAVE.OBJ
C:\USERS\STEPH\PROJECTS\COMP345\ASSIGNMENT1_NOGUI\CRITTERGROUPGENERATOR\CRITTERGROUPGENERATOR\DEBUG\DOG.OBJ
C:\USERS\STEPH\PROJECTS\COMP345\ASSIGNMENT1_NOGUI\CRITTERGROUPGENERATOR\CRITTERGROUPGENERATOR\DEBUG\WERECAT.OBJ
C:\USERS\STEPH\PROJECTS\COMP345\ASSIGNMENT1_NOGUI\CRITTERGROUPGENERATOR\CRITTERGROUPGENERATOR\DEBUG\WEREWOLF.OBJ
C:\USERS\STEPH\PROJECTS\COMP345\ASSIGNMENT1_NOGUI\CRITTERGROUPGENERATOR\CRITTERGROUPGENERATOR\DEBUG\VC110.PDB
C:\USERS\STEPH\PROJECTS\COMP345\ASSIGNMENT1_NOGUI\CRITTERGROUPGENERATOR\DEBUG\CRITTERGROUPGENERATOR.ILK
C:\USERS\STEPH\PROJECTS\COMP345\ASSIGNMENT1_NOGUI\CRITTERGROUPGENERATOR\DEBUG\CRITTERGROUPGENERATOR.EXE
C:\USERS\STEPH\PROJECTS\COMP345\ASSIGNMENT1_NOGUI\CRITTERGROUPGENERATOR\DEBUG\CRITTERGROUPGENERATOR.PDB
C:\Users\Steph\Projects\COMP345\Assignment1_noGUI\CritterGroupGenerator\CritterGroupGenerator\Debug\Cat.obj
C:\Users\Steph\Projects\COMP345\Assignment1_noGUI\CritterGroupGenerator\CritterGroupGenerator\Debug\Critter.obj
C:\Users\Steph\Projects\COMP345\Assignment1_noGUI\CritterGroupGenerator\CritterGroupGenerator\Debug\CritterFactory.obj
C:\Users\Steph\Projects\COMP345\Assignment1_noGUI\CritterGroupGenerator\CritterGroupGenerator\Debug\CritterWave.obj
C:\Users\Steph\Projects\COMP345\Assignment1_noGUI\CritterGroupGenerator\CritterGroupGenerator\Debug\Dog.obj
C:\Users\Steph\Projects\COMP345\Assignment1_noGUI\CritterGroupGenerator\CritterGroupGenerator\Debug\Driver.obj
C:\Users\Steph\Projects\COMP345\Assignment1_noGUI\CritterGroupGenerator\CritterGroupGenerator\Debug\Werecat.obj
C:\Users\Steph\Projects\COMP345\Assignment1_noGUI\CritterGroupGenerator\CritterGroupGenerator\Debug\Werewolf.obj
C:\Users\Steph\Projects\COMP345\Assignment1_noGUI\CritterGroupGenerator\CritterGroupGenerator\Debug\cl.command.1.tlog
C:\Users\Steph\Projects\COMP345\Assignment1_noGUI\CritterGroupGenerator\CritterGroupGenerator\Debug\CL.read.1.tlog
C:\Users\Steph\Projects\COMP345\Assignment1_noGUI\CritterGroupGenerator\CritterGroupGenerator\Debug\CL.write.1.tlog
C:\Users\Steph\Projects\COMP345\Assignment1_noGUI\CritterGroupGenerator\CritterGroupGenerator\Debug\link-cvtres.read.1.tlog
C:\Users\Steph\Projects\COMP345\Assignment1_noGUI\CritterGroupGenerator\CritterGroupGenerator\Debug\link-cvtres.write.1.tlog
C:\Users\Steph\Projects\COMP345\Assignment1_noGUI\CritterGroupGenerator\CritterGroupGenerator\Debug\link-rc.read.1.tlog
C:\Users\Steph\Projects\COMP345\Assignment1_noGUI\CritterGroupGenerator\CritterGroupGenerator\Debug\link-rc.write.1.tlog
C:\Users\Steph\Projects\COMP345\Assignment1_noGUI\CritterGroupGenerator\CritterGroupGenerator\Debug\link.command.1.tlog
C:\Users\Steph\Projects\COMP345\Assignment1_noGUI\CritterGroupGenerator\CritterGroupGenerator\Debug\link.read.1.tlog
C:\Users\Steph\Projects\COMP345\Assignment1_noGUI\CritterGroupGenerator\CritterGroupGenerator\Debug\link.write.1.tlog
C:\Users\Steph\Projects\COMP345\Assignment1_noGUI\CritterGroupGenerator\CritterGroupGenerator\Debug\vc110.idb
C:\Users\Steph\Projects\COMP345\Assignment1_noGUI\CritterGroupGenerator\CritterGroupGenerator\Debug\vc110.pdb
C:\Users\Steph\Projects\COMP345\Assignment1_noGUI\CritterGroupGenerator\Debug\CritterGroupGenerator.pdb
C:\Users\Steph\Projects\COMP345\Assignment1_noGUI\CritterGroupGenerator\Debug\CritterGroupGenerator.exe
C:\Users\Steph\Projects\COMP345\Assignment1_noGUI\CritterGroupGenerator\Debug\CritterGroupGenerator.ilk
